Arguments: 
  /Users/tommy/.nvm/versions/node/v14.15.4/bin/node /Users/tommy/.nvm/versions/node/v14.15.4/bin/yarn init

PATH: 
  /Users/tommy/google-cloud-sdk/bin:/usr/local/opt/libpq/bin:/usr/local/sbin:/Users/tommy/apache-maven-3.6.3/bin:/Users/tommy/flyway-6.4.4:/Users/tommy/bin:/Users/tommy/.rbenv/shims:/Users/tommy/.nvm/versions/node/v14.15.4/bin:/usr/local/bin:/usr/bin:/bin:/usr/sbin:/sbin:/Applications/VMware Fusion.app/Contents/Public:/usr/local/go/bin:/usr/local/share/dotnet:~/.dotnet/tools:/Library/Apple/usr/bin:/Library/Frameworks/Mono.framework/Versions/Current/Commands:/Users/tommy/go/bin:/Library/Java/JavaVirtualMachines/jdk-11.0.9.1+1/Contents/Home/bin

Yarn version: 
  1.22.10

Node version: 
  14.15.4

Platform: 
  darwin x64

Trace: 
  Error: canceled
      at Interface.<anonymous> (/Users/tommy/.nvm/versions/node/v14.15.4/lib/node_modules/yarn/lib/cli.js:136216:13)
      at Interface.emit (events.js:315:20)
      at Interface._ttyWrite (readline.js:875:16)
      at ReadStream.onkeypress (readline.js:213:10)
      at ReadStream.emit (events.js:315:20)
      at emitKeys (internal/readline/utils.js:345:14)
      at emitKeys.next (<anonymous>)
      at ReadStream.onData (readline.js:1144:36)
      at ReadStream.emit (events.js:315:20)
      at addChunk (internal/streams/readable.js:309:12)

npm manifest: 
  No manifest

yarn manifest: 
  No manifest

Lockfile: 
  No lockfile
